2016-11-11 23:50 DEBUG    manager                       Figuring out config load paths
2016-11-11 23:50 DEBUG    manager                       Found config: /Users/eivindml/.flexget/config.yml
2016-11-11 23:50 DEBUG    manager                       Config file /Users/eivindml/.flexget/config.yml selected
2016-11-11 23:50 INFO     download      ezrss.it        Downloading: South Park S20E07 UNCENSORED 720p WEB H264-TURBO
2016-11-11 23:50 WARNING  download      ezrss.it        RequestException [SSL: SSLV3_ALERT_HANDSHAKE_FAILURE] sslv3 alert handshake failure (_ssl.c:590), while downloading https://zoink.ch/torrent/South.Park.S20E07.UNCENSORED.720p.WEB.H264-TURBO[eztv].mkv.torrent
2016-11-11 23:50 ERROR    entry         ezrss.it        Failed South Park S20E07 UNCENSORED 720p WEB H264-TURBO (Network error during request: [SSL: SSLV3_ALERT_HANDSHAKE_FAILURE] sslv3 alert handshake failure (_ssl.c:590))
2016-11-11 23:50 INFO     task          ezrss.it        Plugin transmission has requested task to be ran again after execution has completed.
2016-11-11 23:50 CRITICAL task          ezrss.it        BUG: Unhandled error in plugin make_html: [Errno 2] No such file or directory: u'/Users/eivindml/public_html/series.html'
2016-11-11 23:50 CRITICAL manager       ezrss.it        An unexpected crash has occurred. Writing crash report to /Users/eivindml/.flexget/crash_report.2016.11.11.235018770737.log. Please verify you are running the latest version of flexget by using "flexget -V" from CLI or by using version_checker plugin at http://flexget.com/wiki/Plugins/version_checker. You are currently using version 1.2.495
2016-11-11 23:50 WARNING  task          ezrss.it        Aborting task (plugin: make_html)
2016-11-11 23:50 INFO     download      norbits.net     Downloading: Modern.Family.S08E03.NORDiC.720p.WEB-DL.H.264-RAPiDCOWS
2016-11-11 23:50 INFO     transmission  norbits.net     "Modern.Family.S08E03.NORDiC.720p.WEB-DL.H.264-RAPiDCOWS" torrent added to transmission
2016-11-11 23:50 CRITICAL task          norbits.net     BUG: Unhandled error in plugin make_html: [Errno 2] No such file or directory: u'/Users/eivindml/public_html/series.html'
2016-11-11 23:50 CRITICAL manager       norbits.net     An unexpected crash has occurred. Writing crash report to /Users/eivindml/.flexget/crash_report.2016.11.11.235021750944.log. Please verify you are running the latest version of flexget by using "flexget -V" from CLI or by using version_checker plugin at http://flexget.com/wiki/Plugins/version_checker. You are currently using version 1.2.495
2016-11-11 23:50 WARNING  task          norbits.net     Aborting task (plugin: make_html)
2016-11-11 23:50 WARNING  requests.packages.urllib3.connectionpool                 Retrying (Retry(total=0, connect=None, read=None, redirect=0)) after connection broken by 'NewConnectionError('<requests.packages.urllib3.connection.HTTPConnection object at 0x109bbe850>: Failed to establish a new connection: [Errno 8] nodename nor servname provided, or not known',)': /tv/?rss=1
2016-11-11 23:50 CRITICAL plugin        kat.ph-tv       Unable to download the RSS for task kat.ph-tv (http://kat.ph/tv/?rss=1): HTTPConnectionPool(host='kat.ph', port=80): Max retries exceeded with url: /tv/?rss=1 (Caused by NewConnectionError('<requests.packages.urllib3.connection.HTTPConnection object at 0x109bbe610>: Failed to establish a new connection: [Errno 8] nodename nor servname provided, or not known',))
2016-11-11 23:50 WARNING  task          kat.ph-tv       Aborting task (plugin: rss)
2016-11-11 23:50 CRITICAL rss           torrentz.eu-tv  Received content is HTML page, not an RSS feed
2016-11-11 23:50 CRITICAL rss           torrentz.eu-tv  I have saved the invalid content to /Users/eivindml/.flexget/received/torrentz.eu-tv-torrentz.eu.html for you to view
2016-11-11 23:50 CRITICAL plugin        torrentz.eu-tv  Received invalid RSS content from task torrentz.eu-tv (http://torrentz.eu/feed)
2016-11-11 23:50 WARNING  task          torrentz.eu-tv  Aborting task (plugin: rss)
2016-11-11 23:51 INFO     transmission  showrss.karmorra.info-tv "South Park 20x07 Oh, Jeez 720p" torrent added to transmission
2016-11-11 23:51 INFO     transmission  showrss.karmorra.info-tv "The Simpsons 28x06 720p" torrent added to transmission
2016-11-11 23:51 CRITICAL task          showrss.karmorra.info-tv BUG: Unhandled error in plugin make_html: [Errno 2] No such file or directory: u'/Users/eivindml/public_html/series.html'
Traceback (most recent call last):
  File "/Library/Python/2.7/site-packages/FlexGet-1.2.495-py2.7.egg/flexget/task.py", line 438, in __run_plugin
    return method(*args, **kwargs)
  File "/Library/Python/2.7/site-packages/FlexGet-1.2.495-py2.7.egg/flexget/event.py", line 22, in __call__
    return self.func(*args, **kwargs)
  File "/Library/Python/2.7/site-packages/FlexGet-1.2.495-py2.7.egg/flexget/plugins/output/html.py", line 41, in on_task_output
    with open(output, 'w') as f:
IOError: [Errno 2] No such file or directory: u'/Users/eivindml/public_html/series.html'
