2016-12-01 22:20 INFO     transmission  showrss.karmorra.info-tv "South Park 20x07 Oh, Jeez 720p" torrent added to transmission
2016-12-01 22:20 INFO     transmission  showrss.karmorra.info-tv "The Simpsons 28x06 720p" torrent added to transmission
2016-12-01 22:20 VERBOSE  make_html     showrss.karmorra.info-tv Writing output html to /Users/eivindml/public_html/series.html
2016-12-01 22:20 CRITICAL task          showrss.karmorra.info-tv BUG: Unhandled error in plugin make_html: [Errno 2] No such file or directory: u'/Users/eivindml/public_html/series.html'
2016-12-01 22:20 CRITICAL manager       showrss.karmorra.info-tv An unexpected crash has occurred. Writing crash report to /Users/eivindml/.flexget/crash_report.2016.12.01.222055977779.log. Please verify you are running the latest version of flexget by using "flexget -V" from CLI or by using version_checker plugin at http://flexget.com/wiki/Plugins/version_checker. You are currently using version 1.2.495
2016-12-01 22:20 WARNING  task          showrss.karmorra.info-tv Aborting task (plugin: make_html)
2016-12-01 22:20 VERBOSE  details       feed10          Produced 30 entries.
2016-12-01 22:20 VERBOSE  details       feed10          Summary - Accepted: 0 (Rejected: 0 Undecided: 30 Failed: 0)
2016-12-01 22:20 VERBOSE  make_html     feed10          Writing output html to /Users/eivindml/public_html/series.html
2016-12-01 22:20 CRITICAL task          feed10          BUG: Unhandled error in plugin make_html: [Errno 2] No such file or directory: u'/Users/eivindml/public_html/series.html'
2016-12-01 22:20 CRITICAL manager       feed10          An unexpected crash has occurred. Writing crash report to /Users/eivindml/.flexget/crash_report.2016.12.01.222059442929.log. Please verify you are running the latest version of flexget by using "flexget -V" from CLI or by using version_checker plugin at http://flexget.com/wiki/Plugins/version_checker. You are currently using version 1.2.495
2016-12-01 22:20 WARNING  task          feed10          Aborting task (plugin: make_html)
2016-12-01 22:20 CRITICAL plugin        feed11          Unable to download the RSS for task feed11 (https://kickass.cd/bookmarks/rss/tvshows/<kat_rssid>/): [SSL: SSLV3_ALERT_HANDSHAKE_FAILURE] sslv3 alert handshake failure (_ssl.c:590)
2016-12-01 22:20 WARNING  task          feed11          Aborting task (plugin: rss)
2016-12-01 22:20 VERBOSE  input_cache   ezrss.it        Restored 50 entries from cache
2016-12-01 22:21 VERBOSE  backlog       ezrss.it        Added 2725 entries from backlog
2016-12-01 22:21 VERBOSE  details       ezrss.it        Produced 2775 entries.
2016-12-01 22:21 VERBOSE  series        ezrss.it        Ignored `The Simpsons S28E07 HDTV x264-KILLERS`. Does not meet quality requirement `720p+`.
2016-12-01 22:21 VERBOSE  series        ezrss.it        Ignored `The Simpsons S28E08 HDTV x264-KILLERS`. Does not meet quality requirement `720p+`.
2016-12-01 22:21 VERBOSE  series        ezrss.it        Ignored `The Simpsons S28E06 HDTV x264-KILLERS`. Does not meet quality requirement `720p+`.
2016-12-01 22:21 VERBOSE  series        ezrss.it        Ignored `South Park S20E09 HDTV x264-FLEET`. Does not meet quality requirement `720p+`.
2016-12-01 22:21 VERBOSE  series        ezrss.it        Ignored `South Park S20E08 Members Only UNCENSORED HDTV x264-DEADPOOL`. Does not meet quality requirement `720p+`.
2016-12-01 22:21 VERBOSE  series        ezrss.it        Ignored `South Park S20E07 HDTV x264-FLEET`. Does not meet quality requirement `720p+`.
2016-12-01 22:21 VERBOSE  series        ezrss.it        Ignored `Planet Earth II S01E02 HDTV x264-BEGUN`. Does not meet quality requirement `720p+`.
2016-12-01 22:21 VERBOSE  series        ezrss.it        Ignored `Planet Earth II S02E01 Islands HDTV x264-PLUTONiUM`. Does not meet quality requirement `720p+`.
2016-12-01 22:21 VERBOSE  series        ezrss.it        Ignored `Planet Earth II S01E04 HDTV x264-BEGUN`. Does not meet quality requirement `720p+`.
2016-12-01 22:21 VERBOSE  series        ezrss.it        Ignored `Planet Earth II S01E03 HDTV x264-BEGUN`. Does not meet quality requirement `720p+`.
2016-12-01 22:21 VERBOSE  series        ezrss.it        Ignored `Modern Family S08E08 HDTV x264-FLEET`. Does not meet quality requirement `720p+`.
2016-12-01 22:21 VERBOSE  series        ezrss.it        Ignored `Modern Family S08E06 PROPER HDTV x264-KILLERS`. Does not meet quality requirement `720p+`.
2016-12-01 22:21 VERBOSE  series        ezrss.it        Ignored `Cyberwar S01E12 HDTV x264-W4F`. Does not meet quality requirement `720p+`.
2016-12-01 22:21 VERBOSE  series        ezrss.it        Ignored `Cyberwar S01E10 HDTV x264-W4F`. Does not meet quality requirement `720p+`.
2016-12-01 22:21 VERBOSE  details       ezrss.it        Summary - Accepted: 0 (Rejected: 0 Undecided: 2775 Failed: 0)
2016-12-01 22:21 VERBOSE  make_html     ezrss.it        Writing output html to /Users/eivindml/public_html/series.html
2016-12-01 22:21 CRITICAL task          ezrss.it        BUG: Unhandled error in plugin make_html: [Errno 2] No such file or directory: u'/Users/eivindml/public_html/series.html'
2016-12-01 22:21 CRITICAL manager       ezrss.it        An unexpected crash has occurred. Writing crash report to /Users/eivindml/.flexget/crash_report.2016.12.01.222130646550.log. Please verify you are running the latest version of flexget by using "flexget -V" from CLI or by using version_checker plugin at http://flexget.com/wiki/Plugins/version_checker. You are currently using version 1.2.495
2016-12-01 22:21 WARNING  task          ezrss.it        Aborting task (plugin: make_html)
2016-12-01 22:21 VERBOSE  input_cache   norbits.net     Restored 15 entries from cache
2016-12-01 22:21 VERBOSE  backlog       norbits.net     Added 396 entries from backlog
2016-12-01 22:21 VERBOSE  details       norbits.net     Produced 411 entries.
2016-12-01 22:21 VERBOSE  parser_internal norbits.net     Title `Planet Earth II 2016 E02 1080p HDTV H.264-MAXCap` looks like series `Planet Earth II` but cannot find a(n) `ep` style identifier.
2016-12-01 22:21 VERBOSE  parser_internal norbits.net     Title `Planet Earth II 2016 E01 1080p HDTV H.264-MAXCap` looks like series `Planet Earth II` but cannot find a(n) `ep` style identifier.
2016-12-01 22:21 VERBOSE  task          norbits.net     ACCEPTED: `Modern.Family.S08E04.NORDiC.720p.WEB-DL.H.264-RAPiDCOWS` by series plugin because matches quality
2016-12-01 22:21 VERBOSE  task          norbits.net     ACCEPTED: `Modern.Family.S08E03.NORDiC.720p.WEB-DL.H.264-RAPiDCOWS` by series plugin because matches quality
2016-12-01 22:21 INFO     download      norbits.net     Downloading: Modern.Family.S08E04.NORDiC.720p.WEB-DL.H.264-RAPiDCOWS
2016-12-01 22:21 INFO     download      norbits.net     Downloading: Modern.Family.S08E03.NORDiC.720p.WEB-DL.H.264-RAPiDCOWS
2016-12-01 22:21 VERBOSE  details       norbits.net     Summary - Accepted: 2 (Rejected: 0 Undecided: 409 Failed: 0)
2016-12-01 22:21 INFO     transmission  norbits.net     "Modern.Family.S08E04.NORDiC.720p.WEB-DL.H.264-RAPiDCOWS" torrent added to transmission
2016-12-01 22:21 INFO     transmission  norbits.net     "Modern.Family.S08E03.NORDiC.720p.WEB-DL.H.264-RAPiDCOWS" torrent added to transmission
2016-12-01 22:21 VERBOSE  make_html     norbits.net     Writing output html to /Users/eivindml/public_html/series.html
2016-12-01 22:21 CRITICAL task          norbits.net     BUG: Unhandled error in plugin make_html: [Errno 2] No such file or directory: u'/Users/eivindml/public_html/series.html'
Traceback (most recent call last):
  File "/Library/Python/2.7/site-packages/FlexGet-1.2.495-py2.7.egg/flexget/task.py", line 438, in __run_plugin
    return method(*args, **kwargs)
  File "/Library/Python/2.7/site-packages/FlexGet-1.2.495-py2.7.egg/flexget/event.py", line 22, in __call__
    return self.func(*args, **kwargs)
  File "/Library/Python/2.7/site-packages/FlexGet-1.2.495-py2.7.egg/flexget/plugins/output/html.py", line 41, in on_task_output
    with open(output, 'w') as f:
IOError: [Errno 2] No such file or directory: u'/Users/eivindml/public_html/series.html'
