2016-11-07 03:14 DEBUG    manager                       Figuring out config load paths
2016-11-07 03:14 DEBUG    manager                       Found config: /Users/eivindml/.flexget/config.yml
2016-11-07 03:14 DEBUG    manager                       Config file /Users/eivindml/.flexget/config.yml selected
2016-11-07 03:14 INFO     download      ezrss.it        Downloading: The Simpsons S28E06 720p HDTV x264-KILLERS
2016-11-07 03:14 WARNING  download      ezrss.it        RequestException [SSL: SSLV3_ALERT_HANDSHAKE_FAILURE] sslv3 alert handshake failure (_ssl.c:590), while downloading https://zoink.ch/torrent/The.Simpsons.S28E06.720p.HDTV.x264-KILLERS[eztv].mkv.torrent
2016-11-07 03:14 ERROR    entry         ezrss.it        Failed The Simpsons S28E06 720p HDTV x264-KILLERS (Network error during request: [SSL: SSLV3_ALERT_HANDSHAKE_FAILURE] sslv3 alert handshake failure (_ssl.c:590))
2016-11-07 03:14 INFO     task          ezrss.it        Plugin transmission has requested task to be ran again after execution has completed.
2016-11-07 03:14 INFO     download      ezrss.it        Downloading: Planet Earth II S01E01 720p HDTV x264-C4TV
2016-11-07 03:14 WARNING  download      ezrss.it        RequestException [SSL: SSLV3_ALERT_HANDSHAKE_FAILURE] sslv3 alert handshake failure (_ssl.c:590), while downloading https://zoink.ch/torrent/Planet.Earth.II.S01E01.720p.HDTV.x264-C4TV[eztv].mkv.torrent
2016-11-07 03:14 ERROR    entry         ezrss.it        Failed Planet Earth II S01E01 720p HDTV x264-C4TV (Network error during request: [SSL: SSLV3_ALERT_HANDSHAKE_FAILURE] sslv3 alert handshake failure (_ssl.c:590))
2016-11-07 03:14 CRITICAL task          ezrss.it        BUG: Unhandled error in plugin make_html: [Errno 2] No such file or directory: u'/Users/eivindml/public_html/series.html'
2016-11-07 03:14 CRITICAL manager       ezrss.it        An unexpected crash has occurred. Writing crash report to /Users/eivindml/.flexget/crash_report.2016.11.07.031443291435.log. Please verify you are running the latest version of flexget by using "flexget -V" from CLI or by using version_checker plugin at http://flexget.com/wiki/Plugins/version_checker. You are currently using version 1.2.495
2016-11-07 03:14 WARNING  task          ezrss.it        Aborting task (plugin: make_html)
2016-11-07 03:14 CRITICAL task          norbits.net     BUG: Unhandled error in plugin make_html: [Errno 2] No such file or directory: u'/Users/eivindml/public_html/series.html'
Traceback (most recent call last):
  File "/Library/Python/2.7/site-packages/FlexGet-1.2.495-py2.7.egg/flexget/task.py", line 438, in __run_plugin
    return method(*args, **kwargs)
  File "/Library/Python/2.7/site-packages/FlexGet-1.2.495-py2.7.egg/flexget/event.py", line 22, in __call__
    return self.func(*args, **kwargs)
  File "/Library/Python/2.7/site-packages/FlexGet-1.2.495-py2.7.egg/flexget/plugins/output/html.py", line 41, in on_task_output
    with open(output, 'w') as f:
IOError: [Errno 2] No such file or directory: u'/Users/eivindml/public_html/series.html'
