2016-12-01 22:19 DEBUG    manager                       Figuring out config load paths
2016-12-01 22:19 DEBUG    manager                       Found config: /Users/eivindml/.flexget/config.yml
2016-12-01 22:19 DEBUG    manager                       Config file /Users/eivindml/.flexget/config.yml selected
2016-12-01 22:19 VERBOSE  task_queue                    There are 8 tasks to execute. Shutdown will commence when they have completed.
2016-12-01 22:19 VERBOSE  backlog       ezrss.it        Added 2725 entries from backlog
2016-12-01 22:19 VERBOSE  details       ezrss.it        Produced 2775 entries.
2016-12-01 22:19 VERBOSE  series        ezrss.it        Ignored `The Simpsons S28E06 HDTV x264-KILLERS`. Does not meet quality requirement `720p+`.
2016-12-01 22:19 VERBOSE  series        ezrss.it        Ignored `The Simpsons S28E08 HDTV x264-KILLERS`. Does not meet quality requirement `720p+`.
2016-12-01 22:19 VERBOSE  series        ezrss.it        Ignored `The Simpsons S28E07 HDTV x264-KILLERS`. Does not meet quality requirement `720p+`.
2016-12-01 22:19 VERBOSE  series        ezrss.it        Ignored `South Park S20E09 HDTV x264-FLEET`. Does not meet quality requirement `720p+`.
2016-12-01 22:19 VERBOSE  series        ezrss.it        Ignored `South Park S20E08 Members Only UNCENSORED HDTV x264-DEADPOOL`. Does not meet quality requirement `720p+`.
2016-12-01 22:19 VERBOSE  series        ezrss.it        Ignored `South Park S20E07 HDTV x264-FLEET`. Does not meet quality requirement `720p+`.
2016-12-01 22:19 VERBOSE  series        ezrss.it        Ignored `Planet Earth II S02E01 Islands HDTV x264-PLUTONiUM`. Does not meet quality requirement `720p+`.
2016-12-01 22:19 VERBOSE  series        ezrss.it        Ignored `Planet Earth II S01E04 HDTV x264-BEGUN`. Does not meet quality requirement `720p+`.
2016-12-01 22:19 VERBOSE  series        ezrss.it        Ignored `Planet Earth II S01E02 HDTV x264-BEGUN`. Does not meet quality requirement `720p+`.
2016-12-01 22:19 VERBOSE  series        ezrss.it        Ignored `Planet Earth II S01E03 HDTV x264-BEGUN`. Does not meet quality requirement `720p+`.
2016-12-01 22:19 VERBOSE  series        ezrss.it        Ignored `Modern Family S08E08 HDTV x264-FLEET`. Does not meet quality requirement `720p+`.
2016-12-01 22:19 VERBOSE  series        ezrss.it        Ignored `Modern Family S08E06 PROPER HDTV x264-KILLERS`. Does not meet quality requirement `720p+`.
2016-12-01 22:19 VERBOSE  series        ezrss.it        Ignored `Cyberwar S01E10 HDTV x264-W4F`. Does not meet quality requirement `720p+`.
2016-12-01 22:19 VERBOSE  series        ezrss.it        Ignored `Cyberwar S01E12 HDTV x264-W4F`. Does not meet quality requirement `720p+`.
2016-12-01 22:19 VERBOSE  details       ezrss.it        Summary - Accepted: 0 (Rejected: 0 Undecided: 2775 Failed: 0)
2016-12-01 22:19 VERBOSE  make_html     ezrss.it        Writing output html to /Users/eivindml/public_html/series.html
2016-12-01 22:19 CRITICAL task          ezrss.it        BUG: Unhandled error in plugin make_html: [Errno 2] No such file or directory: u'/Users/eivindml/public_html/series.html'
2016-12-01 22:19 CRITICAL manager       ezrss.it        An unexpected crash has occurred. Writing crash report to /Users/eivindml/.flexget/crash_report.2016.12.01.221949453167.log. Please verify you are running the latest version of flexget by using "flexget -V" from CLI or by using version_checker plugin at http://flexget.com/wiki/Plugins/version_checker. You are currently using version 1.2.495
2016-12-01 22:19 WARNING  task          ezrss.it        Aborting task (plugin: make_html)
2016-12-01 22:19 VERBOSE  backlog       norbits.net     Added 396 entries from backlog
2016-12-01 22:19 VERBOSE  details       norbits.net     Produced 411 entries.
2016-12-01 22:19 VERBOSE  parser_internal norbits.net     Title `Planet Earth II 2016 E02 1080p HDTV H.264-MAXCap` looks like series `Planet Earth II` but cannot find a(n) `ep` style identifier.
2016-12-01 22:19 VERBOSE  parser_internal norbits.net     Title `Planet Earth II 2016 E01 1080p HDTV H.264-MAXCap` looks like series `Planet Earth II` but cannot find a(n) `ep` style identifier.
2016-12-01 22:20 VERBOSE  task          norbits.net     ACCEPTED: `Modern.Family.S08E04.NORDiC.720p.WEB-DL.H.264-RAPiDCOWS` by series plugin because matches quality
2016-12-01 22:20 VERBOSE  task          norbits.net     ACCEPTED: `Modern.Family.S08E03.NORDiC.720p.WEB-DL.H.264-RAPiDCOWS` by series plugin because matches quality
2016-12-01 22:20 INFO     download      norbits.net     Downloading: Modern.Family.S08E04.NORDiC.720p.WEB-DL.H.264-RAPiDCOWS
2016-12-01 22:20 INFO     download      norbits.net     Downloading: Modern.Family.S08E03.NORDiC.720p.WEB-DL.H.264-RAPiDCOWS
2016-12-01 22:20 VERBOSE  details       norbits.net     Summary - Accepted: 2 (Rejected: 0 Undecided: 409 Failed: 0)
2016-12-01 22:20 INFO     transmission  norbits.net     "Modern.Family.S08E04.NORDiC.720p.WEB-DL.H.264-RAPiDCOWS" torrent added to transmission
2016-12-01 22:20 INFO     transmission  norbits.net     "Modern.Family.S08E03.NORDiC.720p.WEB-DL.H.264-RAPiDCOWS" torrent added to transmission
2016-12-01 22:20 VERBOSE  make_html     norbits.net     Writing output html to /Users/eivindml/public_html/series.html
2016-12-01 22:20 CRITICAL task          norbits.net     BUG: Unhandled error in plugin make_html: [Errno 2] No such file or directory: u'/Users/eivindml/public_html/series.html'
Traceback (most recent call last):
  File "/Library/Python/2.7/site-packages/FlexGet-1.2.495-py2.7.egg/flexget/task.py", line 438, in __run_plugin
    return method(*args, **kwargs)
  File "/Library/Python/2.7/site-packages/FlexGet-1.2.495-py2.7.egg/flexget/event.py", line 22, in __call__
    return self.func(*args, **kwargs)
  File "/Library/Python/2.7/site-packages/FlexGet-1.2.495-py2.7.egg/flexget/plugins/output/html.py", line 41, in on_task_output
    with open(output, 'w') as f:
IOError: [Errno 2] No such file or directory: u'/Users/eivindml/public_html/series.html'
