2017-10-24 16:00 VERBOSE  task_queue                    There are 7 tasks to execute. Shutdown will commence when they have completed.
2017-10-24 16:00 VERBOSE  details       rarbg           Produced 25 entries.
2017-10-24 16:00 VERBOSE  series        rarbg           Auto enabling exact matching for series Louis Theroux (reason Louis Theroux Dark States)
2017-10-24 16:00 VERBOSE  series        rarbg           Auto enabling exact matching for series Vice (reason VICE Lab)
2017-10-24 16:00 VERBOSE  series        rarbg           Auto enabling exact matching for series Black Market (reason Black Market Dispatches)
2017-10-24 16:00 VERBOSE  details       rarbg           Summary - Accepted: 0 (Rejected: 0 Undecided: 25 Failed: 0)
2017-10-24 16:00 VERBOSE  details       limetorrents    Produced 50 entries.
2017-10-24 16:00 VERBOSE  series        limetorrents    Auto enabling exact matching for series Louis Theroux (reason Louis Theroux Dark States)
2017-10-24 16:00 VERBOSE  series        limetorrents    Auto enabling exact matching for series Vice (reason VICE Lab)
2017-10-24 16:00 VERBOSE  series        limetorrents    Auto enabling exact matching for series Black Market (reason Black Market Dispatches)
2017-10-24 16:00 VERBOSE  task          limetorrents    REJECTED: `Westworld S01E07 1080p WEBRip 6CH x265 HEVC-PSA` by series plugin because episode has already been downloaded
2017-10-24 16:00 VERBOSE  details       limetorrents    Summary - Accepted: 0 (Rejected: 1 Undecided: 49 Failed: 0)
2017-10-24 16:00 CRITICAL rss           extratorrents   RSS Feed extratorrents (https://extratorrents.unblockall.xyz/rss.xml?type=popular&cid=8) not found
2017-10-24 16:00 WARNING  task          extratorrents   Aborting task (plugin: rss)
2017-10-24 16:00 VERBOSE  details       zooqle          Produced 30 entries.
2017-10-24 16:00 VERBOSE  series        zooqle          Auto enabling exact matching for series Louis Theroux (reason Louis Theroux Dark States)
2017-10-24 16:00 VERBOSE  series        zooqle          Auto enabling exact matching for series Vice (reason VICE Lab)
2017-10-24 16:00 VERBOSE  series        zooqle          Auto enabling exact matching for series Black Market (reason Black Market Dispatches)
2017-10-24 16:00 VERBOSE  details       zooqle          Summary - Accepted: 0 (Rejected: 0 Undecided: 30 Failed: 0)
2017-10-24 16:00 VERBOSE  details       norbits.net     Produced 15 entries.
2017-10-24 16:00 VERBOSE  series        norbits.net     Auto enabling exact matching for series Louis Theroux (reason Louis Theroux Dark States)
2017-10-24 16:00 VERBOSE  series        norbits.net     Auto enabling exact matching for series Vice (reason VICE Lab)
2017-10-24 16:00 VERBOSE  series        norbits.net     Auto enabling exact matching for series Black Market (reason Black Market Dispatches)
2017-10-24 16:00 VERBOSE  parser_internal norbits.net     `Babylon.5.COMPLETE.NORDiC.PAL.DVDR.x264` appears to be an episode pack
2017-10-24 16:00 VERBOSE  parser_internal norbits.net     `Babylon.5.COMPLETE.NORDiC.PAL.DVDR.x264` appears to be an episode pack
2017-10-24 16:00 VERBOSE  parser_internal norbits.net     `Babylon.5.COMPLETE.NORDiC.PAL.DVDR.x264` appears to be an episode pack
2017-10-24 16:00 VERBOSE  parser_internal norbits.net     `Babylon.5.COMPLETE.NORDiC.PAL.DVDR.x264` appears to be an episode pack
2017-10-24 16:00 VERBOSE  parser_internal norbits.net     `Babylon.5.COMPLETE.NORDiC.PAL.DVDR.x264` appears to be an episode pack
2017-10-24 16:00 VERBOSE  parser_internal norbits.net     `Babylon.5.COMPLETE.NORDiC.PAL.DVDR.x264` appears to be an episode pack
2017-10-24 16:00 VERBOSE  parser_internal norbits.net     `Babylon.5.COMPLETE.NORDiC.PAL.DVDR.x264` appears to be an episode pack
2017-10-24 16:00 VERBOSE  parser_internal norbits.net     `Babylon.5.COMPLETE.NORDiC.PAL.DVDR.x264` appears to be an episode pack
2017-10-24 16:00 VERBOSE  parser_internal norbits.net     `Babylon.5.COMPLETE.NORDiC.PAL.DVDR.x264` appears to be an episode pack
2017-10-24 16:00 VERBOSE  parser_internal norbits.net     `Babylon.5.COMPLETE.NORDiC.PAL.DVDR.x264` appears to be an episode pack
2017-10-24 16:00 VERBOSE  parser_internal norbits.net     `Babylon.5.COMPLETE.NORDiC.PAL.DVDR.x264` appears to be an episode pack
2017-10-24 16:00 VERBOSE  parser_internal norbits.net     `Babylon.5.COMPLETE.NORDiC.PAL.DVDR.x264` appears to be an episode pack
2017-10-24 16:00 VERBOSE  parser_internal norbits.net     `Babylon.5.COMPLETE.NORDiC.PAL.DVDR.x264` appears to be an episode pack
2017-10-24 16:00 VERBOSE  parser_internal norbits.net     `Babylon.5.COMPLETE.NORDiC.PAL.DVDR.x264` appears to be an episode pack
2017-10-24 16:00 VERBOSE  parser_internal norbits.net     `Babylon.5.COMPLETE.NORDiC.PAL.DVDR.x264` appears to be an episode pack
2017-10-24 16:00 VERBOSE  parser_internal norbits.net     `Babylon.5.COMPLETE.NORDiC.PAL.DVDR.x264` appears to be an episode pack
2017-10-24 16:00 VERBOSE  parser_internal norbits.net     `Babylon.5.COMPLETE.NORDiC.PAL.DVDR.x264` appears to be an episode pack
2017-10-24 16:00 VERBOSE  parser_internal norbits.net     `Babylon.5.COMPLETE.NORDiC.PAL.DVDR.x264` appears to be an episode pack
2017-10-24 16:00 VERBOSE  parser_internal norbits.net     `Babylon.5.COMPLETE.NORDiC.PAL.DVDR.x264` appears to be an episode pack
2017-10-24 16:00 VERBOSE  parser_internal norbits.net     `Babylon.5.COMPLETE.NORDiC.PAL.DVDR.x264` appears to be an episode pack
2017-10-24 16:00 VERBOSE  parser_internal norbits.net     `Babylon.5.COMPLETE.NORDiC.PAL.DVDR.x264` appears to be an episode pack
2017-10-24 16:00 VERBOSE  parser_internal norbits.net     `Babylon.5.COMPLETE.NORDiC.PAL.DVDR.x264` appears to be an episode pack
2017-10-24 16:00 VERBOSE  parser_internal norbits.net     `Babylon.5.COMPLETE.NORDiC.PAL.DVDR.x264` appears to be an episode pack
2017-10-24 16:00 VERBOSE  parser_internal norbits.net     `Babylon.5.COMPLETE.NORDiC.PAL.DVDR.x264` appears to be an episode pack
2017-10-24 16:00 VERBOSE  parser_internal norbits.net     `Babylon.5.COMPLETE.NORDiC.PAL.DVDR.x264` appears to be an episode pack
2017-10-24 16:00 VERBOSE  parser_internal norbits.net     `Babylon.5.COMPLETE.NORDiC.PAL.DVDR.x264` appears to be an episode pack
2017-10-24 16:00 VERBOSE  parser_internal norbits.net     `Babylon.5.COMPLETE.NORDiC.PAL.DVDR.x264` appears to be an episode pack
2017-10-24 16:00 VERBOSE  parser_internal norbits.net     `Babylon.5.COMPLETE.NORDiC.PAL.DVDR.x264` appears to be an episode pack
2017-10-24 16:00 VERBOSE  parser_internal norbits.net     `Babylon.5.COMPLETE.NORDiC.PAL.DVDR.x264` appears to be an episode pack
2017-10-24 16:00 VERBOSE  parser_internal norbits.net     `Babylon.5.COMPLETE.NORDiC.PAL.DVDR.x264` appears to be an episode pack
2017-10-24 16:00 VERBOSE  parser_internal norbits.net     `Babylon.5.COMPLETE.NORDiC.PAL.DVDR.x264` appears to be an episode pack
2017-10-24 16:00 VERBOSE  parser_internal norbits.net     `Babylon.5.COMPLETE.NORDiC.PAL.DVDR.x264` appears to be an episode pack
2017-10-24 16:00 VERBOSE  parser_internal norbits.net     `Babylon.5.COMPLETE.NORDiC.PAL.DVDR.x264` appears to be an episode pack
2017-10-24 16:00 VERBOSE  parser_internal norbits.net     `Babylon.5.COMPLETE.NORDiC.PAL.DVDR.x264` appears to be an episode pack
2017-10-24 16:00 VERBOSE  parser_internal norbits.net     `Babylon.5.COMPLETE.NORDiC.PAL.DVDR.x264` appears to be an episode pack
2017-10-24 16:00 VERBOSE  parser_internal norbits.net     `Babylon.5.COMPLETE.NORDiC.PAL.DVDR.x264` appears to be an episode pack
2017-10-24 16:00 VERBOSE  parser_internal norbits.net     `Babylon.5.COMPLETE.NORDiC.PAL.DVDR.x264` appears to be an episode pack
2017-10-24 16:00 VERBOSE  parser_internal norbits.net     `Babylon.5.COMPLETE.NORDiC.PAL.DVDR.x264` appears to be an episode pack
2017-10-24 16:00 VERBOSE  parser_internal norbits.net     `Babylon.5.COMPLETE.NORDiC.PAL.DVDR.x264` appears to be an episode pack
2017-10-24 16:00 VERBOSE  parser_internal norbits.net     `Babylon.5.COMPLETE.NORDiC.PAL.DVDR.x264` appears to be an episode pack
2017-10-24 16:00 VERBOSE  parser_internal norbits.net     `Babylon.5.COMPLETE.NORDiC.PAL.DVDR.x264` appears to be an episode pack
2017-10-24 16:00 VERBOSE  parser_internal norbits.net     `Babylon.5.COMPLETE.NORDiC.PAL.DVDR.x264` appears to be an episode pack
2017-10-24 16:00 VERBOSE  parser_internal norbits.net     `Babylon.5.COMPLETE.NORDiC.PAL.DVDR.x264` appears to be an episode pack
2017-10-24 16:00 VERBOSE  parser_internal norbits.net     `Babylon.5.COMPLETE.NORDiC.PAL.DVDR.x264` appears to be an episode pack
2017-10-24 16:00 VERBOSE  parser_internal norbits.net     `Babylon.5.COMPLETE.NORDiC.PAL.DVDR.x264` appears to be an episode pack
2017-10-24 16:00 VERBOSE  details       norbits.net     Summary - Accepted: 0 (Rejected: 0 Undecided: 15 Failed: 0)
2017-10-24 16:00 VERBOSE  details       ezrss.it        Produced 50 entries.
2017-10-24 16:00 VERBOSE  series        ezrss.it        Auto enabling exact matching for series Louis Theroux (reason Louis Theroux Dark States)
2017-10-24 16:00 VERBOSE  series        ezrss.it        Auto enabling exact matching for series Vice (reason VICE Lab)
2017-10-24 16:00 VERBOSE  series        ezrss.it        Auto enabling exact matching for series Black Market (reason Black Market Dispatches)
2017-10-24 16:00 VERBOSE  details       ezrss.it        Summary - Accepted: 0 (Rejected: 0 Undecided: 50 Failed: 0)
2017-10-24 16:00 WARNING  details       showrss.info    Task didn't produce any entries. This is likely due to a mis-configured or non-functional input.
2017-10-24 16:00 VERBOSE  series        showrss.info    Auto enabling exact matching for series Louis Theroux (reason Louis Theroux Dark States)
2017-10-24 16:00 VERBOSE  series        showrss.info    Auto enabling exact matching for series Vice (reason VICE Lab)
2017-10-24 16:00 VERBOSE  series        showrss.info    Auto enabling exact matching for series Black Market (reason Black Market Dispatches)
2017-10-24 16:00 VERBOSE  details       showrss.info    Summary - Accepted: 0 (Rejected: 0 Undecided: 0 Failed: 0)
2017-10-24 16:02 CRITICAL rss           extratorrents   RSS Feed extratorrents (https://extratorrents.unblockall.xyz/rss.xml?type=popular&cid=8) not found
2017-10-24 16:02 WARNING  task          extratorrents   Aborting task (plugin: rss)
2017-10-24 16:02 WARNING  details       showrss.info    Task didn't produce any entries. This is likely due to a mis-configured or non-functional input.
2017-10-24 16:18 CRITICAL rss           extratorrents   RSS Feed extratorrents (https://extratorrents.unblockall.xyz/rss.xml?type=popular&cid=8) not found
2017-10-24 16:18 WARNING  task          extratorrents   Aborting task (plugin: rss)
2017-10-24 16:18 WARNING  details       showrss.info    Task didn't produce any entries. This is likely due to a mis-configured or non-functional input.
2017-10-24 16:29 VERBOSE  task_queue                    There are 4 tasks to execute. Shutdown will commence when they have completed.
2017-10-24 16:29 VERBOSE  details       rarbg           Produced 25 entries.
2017-10-24 16:29 VERBOSE  series        rarbg           Auto enabling exact matching for series Louis Theroux (reason Louis Theroux Dark States)
2017-10-24 16:29 VERBOSE  series        rarbg           Auto enabling exact matching for series Vice (reason VICE Lab)
2017-10-24 16:29 VERBOSE  series        rarbg           Auto enabling exact matching for series Black Market (reason Black Market Dispatches)
2017-10-24 16:29 VERBOSE  details       rarbg           Summary - Accepted: 0 (Rejected: 0 Undecided: 25 Failed: 0)
2017-10-24 16:29 VERBOSE  details       zooqle          Produced 30 entries.
2017-10-24 16:29 VERBOSE  series        zooqle          Auto enabling exact matching for series Louis Theroux (reason Louis Theroux Dark States)
2017-10-24 16:29 VERBOSE  series        zooqle          Auto enabling exact matching for series Vice (reason VICE Lab)
2017-10-24 16:29 VERBOSE  series        zooqle          Auto enabling exact matching for series Black Market (reason Black Market Dispatches)
2017-10-24 16:29 VERBOSE  details       zooqle          Summary - Accepted: 0 (Rejected: 0 Undecided: 30 Failed: 0)
2017-10-24 16:29 VERBOSE  details       norbits.net     Produced 15 entries.
2017-10-24 16:29 VERBOSE  series        norbits.net     Auto enabling exact matching for series Louis Theroux (reason Louis Theroux Dark States)
2017-10-24 16:29 VERBOSE  series        norbits.net     Auto enabling exact matching for series Vice (reason VICE Lab)
2017-10-24 16:29 VERBOSE  series        norbits.net     Auto enabling exact matching for series Black Market (reason Black Market Dispatches)
2017-10-24 16:29 VERBOSE  parser_internal norbits.net     `Babylon.5.COMPLETE.NORDiC.PAL.DVDR.x264` appears to be an episode pack
2017-10-24 16:29 VERBOSE  parser_internal norbits.net     `Babylon.5.COMPLETE.NORDiC.PAL.DVDR.x264` appears to be an episode pack
2017-10-24 16:29 VERBOSE  parser_internal norbits.net     `Babylon.5.COMPLETE.NORDiC.PAL.DVDR.x264` appears to be an episode pack
2017-10-24 16:29 VERBOSE  parser_internal norbits.net     `Babylon.5.COMPLETE.NORDiC.PAL.DVDR.x264` appears to be an episode pack
2017-10-24 16:29 VERBOSE  parser_internal norbits.net     `Babylon.5.COMPLETE.NORDiC.PAL.DVDR.x264` appears to be an episode pack
2017-10-24 16:29 VERBOSE  parser_internal norbits.net     `Babylon.5.COMPLETE.NORDiC.PAL.DVDR.x264` appears to be an episode pack
2017-10-24 16:29 VERBOSE  parser_internal norbits.net     `Babylon.5.COMPLETE.NORDiC.PAL.DVDR.x264` appears to be an episode pack
2017-10-24 16:29 VERBOSE  parser_internal norbits.net     `Babylon.5.COMPLETE.NORDiC.PAL.DVDR.x264` appears to be an episode pack
2017-10-24 16:29 VERBOSE  parser_internal norbits.net     `Babylon.5.COMPLETE.NORDiC.PAL.DVDR.x264` appears to be an episode pack
2017-10-24 16:29 VERBOSE  parser_internal norbits.net     `Babylon.5.COMPLETE.NORDiC.PAL.DVDR.x264` appears to be an episode pack
2017-10-24 16:29 VERBOSE  parser_internal norbits.net     `Babylon.5.COMPLETE.NORDiC.PAL.DVDR.x264` appears to be an episode pack
2017-10-24 16:29 VERBOSE  parser_internal norbits.net     `Babylon.5.COMPLETE.NORDiC.PAL.DVDR.x264` appears to be an episode pack
2017-10-24 16:29 VERBOSE  parser_internal norbits.net     `Babylon.5.COMPLETE.NORDiC.PAL.DVDR.x264` appears to be an episode pack
2017-10-24 16:29 VERBOSE  parser_internal norbits.net     `Babylon.5.COMPLETE.NORDiC.PAL.DVDR.x264` appears to be an episode pack
2017-10-24 16:29 VERBOSE  parser_internal norbits.net     `Babylon.5.COMPLETE.NORDiC.PAL.DVDR.x264` appears to be an episode pack
2017-10-24 16:29 VERBOSE  parser_internal norbits.net     `Babylon.5.COMPLETE.NORDiC.PAL.DVDR.x264` appears to be an episode pack
2017-10-24 16:29 VERBOSE  parser_internal norbits.net     `Babylon.5.COMPLETE.NORDiC.PAL.DVDR.x264` appears to be an episode pack
2017-10-24 16:29 VERBOSE  parser_internal norbits.net     `Babylon.5.COMPLETE.NORDiC.PAL.DVDR.x264` appears to be an episode pack
2017-10-24 16:29 VERBOSE  parser_internal norbits.net     `Babylon.5.COMPLETE.NORDiC.PAL.DVDR.x264` appears to be an episode pack
2017-10-24 16:29 VERBOSE  parser_internal norbits.net     `Babylon.5.COMPLETE.NORDiC.PAL.DVDR.x264` appears to be an episode pack
2017-10-24 16:29 VERBOSE  parser_internal norbits.net     `Babylon.5.COMPLETE.NORDiC.PAL.DVDR.x264` appears to be an episode pack
2017-10-24 16:29 VERBOSE  parser_internal norbits.net     `Babylon.5.COMPLETE.NORDiC.PAL.DVDR.x264` appears to be an episode pack
2017-10-24 16:29 VERBOSE  parser_internal norbits.net     `Babylon.5.COMPLETE.NORDiC.PAL.DVDR.x264` appears to be an episode pack
2017-10-24 16:29 VERBOSE  parser_internal norbits.net     `Babylon.5.COMPLETE.NORDiC.PAL.DVDR.x264` appears to be an episode pack
2017-10-24 16:29 VERBOSE  parser_internal norbits.net     `Babylon.5.COMPLETE.NORDiC.PAL.DVDR.x264` appears to be an episode pack
2017-10-24 16:29 VERBOSE  parser_internal norbits.net     `Babylon.5.COMPLETE.NORDiC.PAL.DVDR.x264` appears to be an episode pack
2017-10-24 16:29 VERBOSE  parser_internal norbits.net     `Babylon.5.COMPLETE.NORDiC.PAL.DVDR.x264` appears to be an episode pack
2017-10-24 16:29 VERBOSE  parser_internal norbits.net     `Babylon.5.COMPLETE.NORDiC.PAL.DVDR.x264` appears to be an episode pack
2017-10-24 16:29 VERBOSE  parser_internal norbits.net     `Babylon.5.COMPLETE.NORDiC.PAL.DVDR.x264` appears to be an episode pack
2017-10-24 16:29 VERBOSE  parser_internal norbits.net     `Babylon.5.COMPLETE.NORDiC.PAL.DVDR.x264` appears to be an episode pack
2017-10-24 16:29 VERBOSE  parser_internal norbits.net     `Babylon.5.COMPLETE.NORDiC.PAL.DVDR.x264` appears to be an episode pack
2017-10-24 16:29 VERBOSE  parser_internal norbits.net     `Babylon.5.COMPLETE.NORDiC.PAL.DVDR.x264` appears to be an episode pack
2017-10-24 16:29 VERBOSE  parser_internal norbits.net     `Babylon.5.COMPLETE.NORDiC.PAL.DVDR.x264` appears to be an episode pack
2017-10-24 16:29 VERBOSE  parser_internal norbits.net     `Babylon.5.COMPLETE.NORDiC.PAL.DVDR.x264` appears to be an episode pack
2017-10-24 16:29 VERBOSE  parser_internal norbits.net     `Babylon.5.COMPLETE.NORDiC.PAL.DVDR.x264` appears to be an episode pack
2017-10-24 16:29 VERBOSE  parser_internal norbits.net     `Babylon.5.COMPLETE.NORDiC.PAL.DVDR.x264` appears to be an episode pack
2017-10-24 16:29 VERBOSE  parser_internal norbits.net     `Babylon.5.COMPLETE.NORDiC.PAL.DVDR.x264` appears to be an episode pack
2017-10-24 16:29 VERBOSE  parser_internal norbits.net     `Babylon.5.COMPLETE.NORDiC.PAL.DVDR.x264` appears to be an episode pack
2017-10-24 16:29 VERBOSE  parser_internal norbits.net     `Babylon.5.COMPLETE.NORDiC.PAL.DVDR.x264` appears to be an episode pack
2017-10-24 16:29 VERBOSE  parser_internal norbits.net     `Babylon.5.COMPLETE.NORDiC.PAL.DVDR.x264` appears to be an episode pack
2017-10-24 16:29 VERBOSE  parser_internal norbits.net     `Babylon.5.COMPLETE.NORDiC.PAL.DVDR.x264` appears to be an episode pack
2017-10-24 16:29 VERBOSE  parser_internal norbits.net     `Babylon.5.COMPLETE.NORDiC.PAL.DVDR.x264` appears to be an episode pack
2017-10-24 16:29 VERBOSE  parser_internal norbits.net     `Babylon.5.COMPLETE.NORDiC.PAL.DVDR.x264` appears to be an episode pack
2017-10-24 16:29 VERBOSE  parser_internal norbits.net     `Babylon.5.COMPLETE.NORDiC.PAL.DVDR.x264` appears to be an episode pack
2017-10-24 16:29 VERBOSE  parser_internal norbits.net     `Babylon.5.COMPLETE.NORDiC.PAL.DVDR.x264` appears to be an episode pack
2017-10-24 16:29 VERBOSE  details       norbits.net     Summary - Accepted: 0 (Rejected: 0 Undecided: 15 Failed: 0)
2017-10-24 16:29 WARNING  details       showrss.info    Task didn't produce any entries. This is likely due to a mis-configured or non-functional input.
2017-10-24 16:29 VERBOSE  series        showrss.info    Auto enabling exact matching for series Louis Theroux (reason Louis Theroux Dark States)
2017-10-24 16:29 VERBOSE  series        showrss.info    Auto enabling exact matching for series Vice (reason VICE Lab)
2017-10-24 16:29 VERBOSE  series        showrss.info    Auto enabling exact matching for series Black Market (reason Black Market Dispatches)
2017-10-24 16:29 VERBOSE  details       showrss.info    Summary - Accepted: 0 (Rejected: 0 Undecided: 0 Failed: 0)
2017-10-24 16:33 WARNING  details       showrss.info    Task didn't produce any entries. This is likely due to a mis-configured or non-functional input.
2017-10-24 16:36 VERBOSE  task_queue                    There are 4 tasks to execute. Shutdown will commence when they have completed.
2017-10-24 16:36 VERBOSE  details       rarbg           Produced 25 entries.
2017-10-24 16:36 VERBOSE  series        rarbg           Auto enabling exact matching for series Louis Theroux (reason Louis Theroux Dark States)
2017-10-24 16:36 VERBOSE  series        rarbg           Auto enabling exact matching for series Vice (reason VICE Lab)
2017-10-24 16:36 VERBOSE  series        rarbg           Auto enabling exact matching for series Black Market (reason Black Market Dispatches)
2017-10-24 16:36 VERBOSE  details       rarbg           Summary - Accepted: 0 (Rejected: 0 Undecided: 25 Failed: 0)
2017-10-24 16:36 VERBOSE  details       zooqle          Produced 30 entries.
2017-10-24 16:36 VERBOSE  series        zooqle          Auto enabling exact matching for series Louis Theroux (reason Louis Theroux Dark States)
2017-10-24 16:36 VERBOSE  series        zooqle          Auto enabling exact matching for series Vice (reason VICE Lab)
2017-10-24 16:36 VERBOSE  series        zooqle          Auto enabling exact matching for series Black Market (reason Black Market Dispatches)
2017-10-24 16:36 VERBOSE  details       zooqle          Summary - Accepted: 0 (Rejected: 0 Undecided: 30 Failed: 0)
2017-10-24 16:36 VERBOSE  details       norbits.net     Produced 15 entries.
2017-10-24 16:36 VERBOSE  series        norbits.net     Auto enabling exact matching for series Louis Theroux (reason Louis Theroux Dark States)
2017-10-24 16:36 VERBOSE  series        norbits.net     Auto enabling exact matching for series Vice (reason VICE Lab)
2017-10-24 16:36 VERBOSE  series        norbits.net     Auto enabling exact matching for series Black Market (reason Black Market Dispatches)
2017-10-24 16:36 VERBOSE  parser_internal norbits.net     `Babylon.5.COMPLETE.NORDiC.PAL.DVDR.x264` appears to be an episode pack
2017-10-24 16:36 VERBOSE  parser_internal norbits.net     `Babylon.5.COMPLETE.NORDiC.PAL.DVDR.x264` appears to be an episode pack
2017-10-24 16:36 VERBOSE  parser_internal norbits.net     `Babylon.5.COMPLETE.NORDiC.PAL.DVDR.x264` appears to be an episode pack
2017-10-24 16:36 VERBOSE  parser_internal norbits.net     `Babylon.5.COMPLETE.NORDiC.PAL.DVDR.x264` appears to be an episode pack
2017-10-24 16:36 VERBOSE  parser_internal norbits.net     `Babylon.5.COMPLETE.NORDiC.PAL.DVDR.x264` appears to be an episode pack
2017-10-24 16:36 VERBOSE  parser_internal norbits.net     `Babylon.5.COMPLETE.NORDiC.PAL.DVDR.x264` appears to be an episode pack
2017-10-24 16:36 VERBOSE  parser_internal norbits.net     `Babylon.5.COMPLETE.NORDiC.PAL.DVDR.x264` appears to be an episode pack
2017-10-24 16:36 VERBOSE  parser_internal norbits.net     `Babylon.5.COMPLETE.NORDiC.PAL.DVDR.x264` appears to be an episode pack
2017-10-24 16:36 VERBOSE  parser_internal norbits.net     `Babylon.5.COMPLETE.NORDiC.PAL.DVDR.x264` appears to be an episode pack
2017-10-24 16:36 VERBOSE  parser_internal norbits.net     `Babylon.5.COMPLETE.NORDiC.PAL.DVDR.x264` appears to be an episode pack
2017-10-24 16:36 VERBOSE  parser_internal norbits.net     `Babylon.5.COMPLETE.NORDiC.PAL.DVDR.x264` appears to be an episode pack
2017-10-24 16:36 VERBOSE  parser_internal norbits.net     `Babylon.5.COMPLETE.NORDiC.PAL.DVDR.x264` appears to be an episode pack
2017-10-24 16:36 VERBOSE  parser_internal norbits.net     `Babylon.5.COMPLETE.NORDiC.PAL.DVDR.x264` appears to be an episode pack
2017-10-24 16:36 VERBOSE  parser_internal norbits.net     `Babylon.5.COMPLETE.NORDiC.PAL.DVDR.x264` appears to be an episode pack
2017-10-24 16:36 VERBOSE  parser_internal norbits.net     `Babylon.5.COMPLETE.NORDiC.PAL.DVDR.x264` appears to be an episode pack
2017-10-24 16:36 VERBOSE  parser_internal norbits.net     `Babylon.5.COMPLETE.NORDiC.PAL.DVDR.x264` appears to be an episode pack
2017-10-24 16:36 VERBOSE  parser_internal norbits.net     `Babylon.5.COMPLETE.NORDiC.PAL.DVDR.x264` appears to be an episode pack
2017-10-24 16:36 VERBOSE  parser_internal norbits.net     `Babylon.5.COMPLETE.NORDiC.PAL.DVDR.x264` appears to be an episode pack
2017-10-24 16:36 VERBOSE  parser_internal norbits.net     `Babylon.5.COMPLETE.NORDiC.PAL.DVDR.x264` appears to be an episode pack
2017-10-24 16:36 VERBOSE  parser_internal norbits.net     `Babylon.5.COMPLETE.NORDiC.PAL.DVDR.x264` appears to be an episode pack
2017-10-24 16:36 VERBOSE  parser_internal norbits.net     `Babylon.5.COMPLETE.NORDiC.PAL.DVDR.x264` appears to be an episode pack
2017-10-24 16:36 VERBOSE  parser_internal norbits.net     `Babylon.5.COMPLETE.NORDiC.PAL.DVDR.x264` appears to be an episode pack
2017-10-24 16:36 VERBOSE  parser_internal norbits.net     `Babylon.5.COMPLETE.NORDiC.PAL.DVDR.x264` appears to be an episode pack
2017-10-24 16:36 VERBOSE  parser_internal norbits.net     `Babylon.5.COMPLETE.NORDiC.PAL.DVDR.x264` appears to be an episode pack
2017-10-24 16:36 VERBOSE  parser_internal norbits.net     `Babylon.5.COMPLETE.NORDiC.PAL.DVDR.x264` appears to be an episode pack
2017-10-24 16:36 VERBOSE  parser_internal norbits.net     `Babylon.5.COMPLETE.NORDiC.PAL.DVDR.x264` appears to be an episode pack
2017-10-24 16:36 VERBOSE  parser_internal norbits.net     `Babylon.5.COMPLETE.NORDiC.PAL.DVDR.x264` appears to be an episode pack
2017-10-24 16:36 VERBOSE  parser_internal norbits.net     `Babylon.5.COMPLETE.NORDiC.PAL.DVDR.x264` appears to be an episode pack
2017-10-24 16:36 VERBOSE  parser_internal norbits.net     `Babylon.5.COMPLETE.NORDiC.PAL.DVDR.x264` appears to be an episode pack
2017-10-24 16:36 VERBOSE  parser_internal norbits.net     `Babylon.5.COMPLETE.NORDiC.PAL.DVDR.x264` appears to be an episode pack
2017-10-24 16:36 VERBOSE  parser_internal norbits.net     `Babylon.5.COMPLETE.NORDiC.PAL.DVDR.x264` appears to be an episode pack
2017-10-24 16:36 VERBOSE  parser_internal norbits.net     `Babylon.5.COMPLETE.NORDiC.PAL.DVDR.x264` appears to be an episode pack
2017-10-24 16:36 VERBOSE  parser_internal norbits.net     `Babylon.5.COMPLETE.NORDiC.PAL.DVDR.x264` appears to be an episode pack
2017-10-24 16:36 VERBOSE  parser_internal norbits.net     `Babylon.5.COMPLETE.NORDiC.PAL.DVDR.x264` appears to be an episode pack
2017-10-24 16:36 VERBOSE  parser_internal norbits.net     `Babylon.5.COMPLETE.NORDiC.PAL.DVDR.x264` appears to be an episode pack
2017-10-24 16:36 VERBOSE  parser_internal norbits.net     `Babylon.5.COMPLETE.NORDiC.PAL.DVDR.x264` appears to be an episode pack
2017-10-24 16:36 VERBOSE  parser_internal norbits.net     `Babylon.5.COMPLETE.NORDiC.PAL.DVDR.x264` appears to be an episode pack
2017-10-24 16:36 VERBOSE  parser_internal norbits.net     `Babylon.5.COMPLETE.NORDiC.PAL.DVDR.x264` appears to be an episode pack
2017-10-24 16:36 VERBOSE  parser_internal norbits.net     `Babylon.5.COMPLETE.NORDiC.PAL.DVDR.x264` appears to be an episode pack
2017-10-24 16:36 VERBOSE  parser_internal norbits.net     `Babylon.5.COMPLETE.NORDiC.PAL.DVDR.x264` appears to be an episode pack
2017-10-24 16:36 VERBOSE  parser_internal norbits.net     `Babylon.5.COMPLETE.NORDiC.PAL.DVDR.x264` appears to be an episode pack
2017-10-24 16:36 VERBOSE  parser_internal norbits.net     `Babylon.5.COMPLETE.NORDiC.PAL.DVDR.x264` appears to be an episode pack
2017-10-24 16:36 VERBOSE  parser_internal norbits.net     `Babylon.5.COMPLETE.NORDiC.PAL.DVDR.x264` appears to be an episode pack
2017-10-24 16:36 VERBOSE  parser_internal norbits.net     `Babylon.5.COMPLETE.NORDiC.PAL.DVDR.x264` appears to be an episode pack
2017-10-24 16:36 VERBOSE  parser_internal norbits.net     `Babylon.5.COMPLETE.NORDiC.PAL.DVDR.x264` appears to be an episode pack
2017-10-24 16:36 VERBOSE  details       norbits.net     Summary - Accepted: 0 (Rejected: 0 Undecided: 15 Failed: 0)
2017-10-24 16:36 WARNING  details       showrss.info    Task didn't produce any entries. This is likely due to a mis-configured or non-functional input.
2017-10-24 16:36 WARNING  task          showrss.info    Task does not have any filter plugins to accept entries. You need at least one to accept the entries you  want.
2017-10-24 16:36 VERBOSE  details       showrss.info    Summary - Accepted: 0 (Rejected: 0 Undecided: 0 Failed: 0)
2017-10-24 16:36 WARNING  task          showrss.info    Task doesn't have any output plugins, you should add (at least) one!
2017-10-24 16:37 VERBOSE  task_queue                    There are 4 tasks to execute. Shutdown will commence when they have completed.
2017-10-24 16:37 VERBOSE  details       rarbg           Produced 25 entries.
2017-10-24 16:37 VERBOSE  series        rarbg           Auto enabling exact matching for series Louis Theroux (reason Louis Theroux Dark States)
2017-10-24 16:37 VERBOSE  series        rarbg           Auto enabling exact matching for series Vice (reason VICE Lab)
2017-10-24 16:37 VERBOSE  series        rarbg           Auto enabling exact matching for series Black Market (reason Black Market Dispatches)
2017-10-24 16:37 VERBOSE  details       rarbg           Summary - Accepted: 0 (Rejected: 0 Undecided: 25 Failed: 0)
2017-10-24 16:37 VERBOSE  details       zooqle          Produced 30 entries.
2017-10-24 16:37 VERBOSE  series        zooqle          Auto enabling exact matching for series Louis Theroux (reason Louis Theroux Dark States)
2017-10-24 16:37 VERBOSE  series        zooqle          Auto enabling exact matching for series Vice (reason VICE Lab)
2017-10-24 16:37 VERBOSE  series        zooqle          Auto enabling exact matching for series Black Market (reason Black Market Dispatches)
2017-10-24 16:37 VERBOSE  details       zooqle          Summary - Accepted: 0 (Rejected: 0 Undecided: 30 Failed: 0)
2017-10-24 16:37 VERBOSE  details       norbits.net     Produced 15 entries.
2017-10-24 16:37 VERBOSE  series        norbits.net     Auto enabling exact matching for series Louis Theroux (reason Louis Theroux Dark States)
2017-10-24 16:37 VERBOSE  series        norbits.net     Auto enabling exact matching for series Vice (reason VICE Lab)
2017-10-24 16:37 VERBOSE  series        norbits.net     Auto enabling exact matching for series Black Market (reason Black Market Dispatches)
2017-10-24 16:37 VERBOSE  parser_internal norbits.net     `Babylon.5.COMPLETE.NORDiC.PAL.DVDR.x264` appears to be an episode pack
2017-10-24 16:37 VERBOSE  parser_internal norbits.net     `Babylon.5.COMPLETE.NORDiC.PAL.DVDR.x264` appears to be an episode pack
2017-10-24 16:37 VERBOSE  parser_internal norbits.net     `Babylon.5.COMPLETE.NORDiC.PAL.DVDR.x264` appears to be an episode pack
2017-10-24 16:37 VERBOSE  parser_internal norbits.net     `Babylon.5.COMPLETE.NORDiC.PAL.DVDR.x264` appears to be an episode pack
2017-10-24 16:37 VERBOSE  parser_internal norbits.net     `Babylon.5.COMPLETE.NORDiC.PAL.DVDR.x264` appears to be an episode pack
2017-10-24 16:37 VERBOSE  parser_internal norbits.net     `Babylon.5.COMPLETE.NORDiC.PAL.DVDR.x264` appears to be an episode pack
2017-10-24 16:37 VERBOSE  parser_internal norbits.net     `Babylon.5.COMPLETE.NORDiC.PAL.DVDR.x264` appears to be an episode pack
2017-10-24 16:37 VERBOSE  parser_internal norbits.net     `Babylon.5.COMPLETE.NORDiC.PAL.DVDR.x264` appears to be an episode pack
2017-10-24 16:37 VERBOSE  parser_internal norbits.net     `Babylon.5.COMPLETE.NORDiC.PAL.DVDR.x264` appears to be an episode pack
2017-10-24 16:37 VERBOSE  parser_internal norbits.net     `Babylon.5.COMPLETE.NORDiC.PAL.DVDR.x264` appears to be an episode pack
2017-10-24 16:37 VERBOSE  parser_internal norbits.net     `Babylon.5.COMPLETE.NORDiC.PAL.DVDR.x264` appears to be an episode pack
2017-10-24 16:37 VERBOSE  parser_internal norbits.net     `Babylon.5.COMPLETE.NORDiC.PAL.DVDR.x264` appears to be an episode pack
2017-10-24 16:37 VERBOSE  parser_internal norbits.net     `Babylon.5.COMPLETE.NORDiC.PAL.DVDR.x264` appears to be an episode pack
2017-10-24 16:37 VERBOSE  parser_internal norbits.net     `Babylon.5.COMPLETE.NORDiC.PAL.DVDR.x264` appears to be an episode pack
2017-10-24 16:37 VERBOSE  parser_internal norbits.net     `Babylon.5.COMPLETE.NORDiC.PAL.DVDR.x264` appears to be an episode pack
2017-10-24 16:37 VERBOSE  parser_internal norbits.net     `Babylon.5.COMPLETE.NORDiC.PAL.DVDR.x264` appears to be an episode pack
2017-10-24 16:37 VERBOSE  parser_internal norbits.net     `Babylon.5.COMPLETE.NORDiC.PAL.DVDR.x264` appears to be an episode pack
2017-10-24 16:37 VERBOSE  parser_internal norbits.net     `Babylon.5.COMPLETE.NORDiC.PAL.DVDR.x264` appears to be an episode pack
2017-10-24 16:37 VERBOSE  parser_internal norbits.net     `Babylon.5.COMPLETE.NORDiC.PAL.DVDR.x264` appears to be an episode pack
2017-10-24 16:37 VERBOSE  parser_internal norbits.net     `Babylon.5.COMPLETE.NORDiC.PAL.DVDR.x264` appears to be an episode pack
2017-10-24 16:37 VERBOSE  parser_internal norbits.net     `Babylon.5.COMPLETE.NORDiC.PAL.DVDR.x264` appears to be an episode pack
2017-10-24 16:37 VERBOSE  parser_internal norbits.net     `Babylon.5.COMPLETE.NORDiC.PAL.DVDR.x264` appears to be an episode pack
2017-10-24 16:37 VERBOSE  parser_internal norbits.net     `Babylon.5.COMPLETE.NORDiC.PAL.DVDR.x264` appears to be an episode pack
2017-10-24 16:37 VERBOSE  parser_internal norbits.net     `Babylon.5.COMPLETE.NORDiC.PAL.DVDR.x264` appears to be an episode pack
2017-10-24 16:37 VERBOSE  parser_internal norbits.net     `Babylon.5.COMPLETE.NORDiC.PAL.DVDR.x264` appears to be an episode pack
2017-10-24 16:37 VERBOSE  parser_internal norbits.net     `Babylon.5.COMPLETE.NORDiC.PAL.DVDR.x264` appears to be an episode pack
2017-10-24 16:37 VERBOSE  parser_internal norbits.net     `Babylon.5.COMPLETE.NORDiC.PAL.DVDR.x264` appears to be an episode pack
2017-10-24 16:37 VERBOSE  parser_internal norbits.net     `Babylon.5.COMPLETE.NORDiC.PAL.DVDR.x264` appears to be an episode pack
2017-10-24 16:37 VERBOSE  parser_internal norbits.net     `Babylon.5.COMPLETE.NORDiC.PAL.DVDR.x264` appears to be an episode pack
2017-10-24 16:37 VERBOSE  parser_internal norbits.net     `Babylon.5.COMPLETE.NORDiC.PAL.DVDR.x264` appears to be an episode pack
2017-10-24 16:37 VERBOSE  parser_internal norbits.net     `Babylon.5.COMPLETE.NORDiC.PAL.DVDR.x264` appears to be an episode pack
2017-10-24 16:37 VERBOSE  parser_internal norbits.net     `Babylon.5.COMPLETE.NORDiC.PAL.DVDR.x264` appears to be an episode pack
2017-10-24 16:37 VERBOSE  parser_internal norbits.net     `Babylon.5.COMPLETE.NORDiC.PAL.DVDR.x264` appears to be an episode pack
2017-10-24 16:37 VERBOSE  parser_internal norbits.net     `Babylon.5.COMPLETE.NORDiC.PAL.DVDR.x264` appears to be an episode pack
2017-10-24 16:37 VERBOSE  parser_internal norbits.net     `Babylon.5.COMPLETE.NORDiC.PAL.DVDR.x264` appears to be an episode pack
2017-10-24 16:37 VERBOSE  parser_internal norbits.net     `Babylon.5.COMPLETE.NORDiC.PAL.DVDR.x264` appears to be an episode pack
2017-10-24 16:37 VERBOSE  parser_internal norbits.net     `Babylon.5.COMPLETE.NORDiC.PAL.DVDR.x264` appears to be an episode pack
2017-10-24 16:37 VERBOSE  parser_internal norbits.net     `Babylon.5.COMPLETE.NORDiC.PAL.DVDR.x264` appears to be an episode pack
2017-10-24 16:37 VERBOSE  parser_internal norbits.net     `Babylon.5.COMPLETE.NORDiC.PAL.DVDR.x264` appears to be an episode pack
2017-10-24 16:37 VERBOSE  parser_internal norbits.net     `Babylon.5.COMPLETE.NORDiC.PAL.DVDR.x264` appears to be an episode pack
2017-10-24 16:37 VERBOSE  parser_internal norbits.net     `Babylon.5.COMPLETE.NORDiC.PAL.DVDR.x264` appears to be an episode pack
2017-10-24 16:37 VERBOSE  parser_internal norbits.net     `Babylon.5.COMPLETE.NORDiC.PAL.DVDR.x264` appears to be an episode pack
2017-10-24 16:37 VERBOSE  parser_internal norbits.net     `Babylon.5.COMPLETE.NORDiC.PAL.DVDR.x264` appears to be an episode pack
2017-10-24 16:37 VERBOSE  parser_internal norbits.net     `Babylon.5.COMPLETE.NORDiC.PAL.DVDR.x264` appears to be an episode pack
2017-10-24 16:37 VERBOSE  parser_internal norbits.net     `Babylon.5.COMPLETE.NORDiC.PAL.DVDR.x264` appears to be an episode pack
2017-10-24 16:37 VERBOSE  details       norbits.net     Summary - Accepted: 0 (Rejected: 0 Undecided: 15 Failed: 0)
2017-10-24 16:37 WARNING  details       showrss.info    Task didn't produce any entries. This is likely due to a mis-configured or non-functional input.
2017-10-24 16:37 VERBOSE  series        showrss.info    Auto enabling exact matching for series Louis Theroux (reason Louis Theroux Dark States)
2017-10-24 16:37 VERBOSE  series        showrss.info    Auto enabling exact matching for series Vice (reason VICE Lab)
2017-10-24 16:37 VERBOSE  series        showrss.info    Auto enabling exact matching for series Black Market (reason Black Market Dispatches)
2017-10-24 16:37 VERBOSE  details       showrss.info    Summary - Accepted: 0 (Rejected: 0 Undecided: 0 Failed: 0)
2017-10-24 16:38 VERBOSE  task_queue                    There are 4 tasks to execute. Shutdown will commence when they have completed.
2017-10-24 16:38 VERBOSE  details       rarbg           Produced 25 entries.
2017-10-24 16:38 VERBOSE  series        rarbg           Auto enabling exact matching for series Louis Theroux (reason Louis Theroux Dark States)
2017-10-24 16:38 VERBOSE  series        rarbg           Auto enabling exact matching for series Vice (reason VICE Lab)
2017-10-24 16:38 VERBOSE  series        rarbg           Auto enabling exact matching for series Black Market (reason Black Market Dispatches)
2017-10-24 16:38 VERBOSE  details       rarbg           Summary - Accepted: 0 (Rejected: 0 Undecided: 25 Failed: 0)
2017-10-24 16:38 VERBOSE  details       zooqle          Produced 30 entries.
2017-10-24 16:38 VERBOSE  series        zooqle          Auto enabling exact matching for series Louis Theroux (reason Louis Theroux Dark States)
2017-10-24 16:38 VERBOSE  series        zooqle          Auto enabling exact matching for series Vice (reason VICE Lab)
2017-10-24 16:38 VERBOSE  series        zooqle          Auto enabling exact matching for series Black Market (reason Black Market Dispatches)
2017-10-24 16:38 VERBOSE  details       zooqle          Summary - Accepted: 0 (Rejected: 0 Undecided: 30 Failed: 0)
2017-10-24 16:38 VERBOSE  details       norbits.net     Produced 15 entries.
2017-10-24 16:38 VERBOSE  series        norbits.net     Auto enabling exact matching for series Louis Theroux (reason Louis Theroux Dark States)
2017-10-24 16:38 VERBOSE  series        norbits.net     Auto enabling exact matching for series Vice (reason VICE Lab)
2017-10-24 16:38 VERBOSE  series        norbits.net     Auto enabling exact matching for series Black Market (reason Black Market Dispatches)
2017-10-24 16:38 VERBOSE  parser_internal norbits.net     `Babylon.5.COMPLETE.NORDiC.PAL.DVDR.x264` appears to be an episode pack
2017-10-24 16:38 VERBOSE  parser_internal norbits.net     `Babylon.5.COMPLETE.NORDiC.PAL.DVDR.x264` appears to be an episode pack
2017-10-24 16:38 VERBOSE  parser_internal norbits.net     `Babylon.5.COMPLETE.NORDiC.PAL.DVDR.x264` appears to be an episode pack
2017-10-24 16:38 VERBOSE  parser_internal norbits.net     `Babylon.5.COMPLETE.NORDiC.PAL.DVDR.x264` appears to be an episode pack
2017-10-24 16:38 VERBOSE  parser_internal norbits.net     `Babylon.5.COMPLETE.NORDiC.PAL.DVDR.x264` appears to be an episode pack
2017-10-24 16:38 VERBOSE  parser_internal norbits.net     `Babylon.5.COMPLETE.NORDiC.PAL.DVDR.x264` appears to be an episode pack
2017-10-24 16:38 VERBOSE  parser_internal norbits.net     `Babylon.5.COMPLETE.NORDiC.PAL.DVDR.x264` appears to be an episode pack
2017-10-24 16:38 VERBOSE  parser_internal norbits.net     `Babylon.5.COMPLETE.NORDiC.PAL.DVDR.x264` appears to be an episode pack
2017-10-24 16:38 VERBOSE  parser_internal norbits.net     `Babylon.5.COMPLETE.NORDiC.PAL.DVDR.x264` appears to be an episode pack
2017-10-24 16:38 VERBOSE  parser_internal norbits.net     `Babylon.5.COMPLETE.NORDiC.PAL.DVDR.x264` appears to be an episode pack
2017-10-24 16:38 VERBOSE  parser_internal norbits.net     `Babylon.5.COMPLETE.NORDiC.PAL.DVDR.x264` appears to be an episode pack
2017-10-24 16:38 VERBOSE  parser_internal norbits.net     `Babylon.5.COMPLETE.NORDiC.PAL.DVDR.x264` appears to be an episode pack
2017-10-24 16:38 VERBOSE  parser_internal norbits.net     `Babylon.5.COMPLETE.NORDiC.PAL.DVDR.x264` appears to be an episode pack
2017-10-24 16:38 VERBOSE  parser_internal norbits.net     `Babylon.5.COMPLETE.NORDiC.PAL.DVDR.x264` appears to be an episode pack
2017-10-24 16:38 VERBOSE  parser_internal norbits.net     `Babylon.5.COMPLETE.NORDiC.PAL.DVDR.x264` appears to be an episode pack
2017-10-24 16:38 VERBOSE  parser_internal norbits.net     `Babylon.5.COMPLETE.NORDiC.PAL.DVDR.x264` appears to be an episode pack
2017-10-24 16:38 VERBOSE  parser_internal norbits.net     `Babylon.5.COMPLETE.NORDiC.PAL.DVDR.x264` appears to be an episode pack
2017-10-24 16:38 VERBOSE  parser_internal norbits.net     `Babylon.5.COMPLETE.NORDiC.PAL.DVDR.x264` appears to be an episode pack
2017-10-24 16:38 VERBOSE  parser_internal norbits.net     `Babylon.5.COMPLETE.NORDiC.PAL.DVDR.x264` appears to be an episode pack
2017-10-24 16:38 VERBOSE  parser_internal norbits.net     `Babylon.5.COMPLETE.NORDiC.PAL.DVDR.x264` appears to be an episode pack
2017-10-24 16:38 VERBOSE  parser_internal norbits.net     `Babylon.5.COMPLETE.NORDiC.PAL.DVDR.x264` appears to be an episode pack
2017-10-24 16:38 VERBOSE  parser_internal norbits.net     `Babylon.5.COMPLETE.NORDiC.PAL.DVDR.x264` appears to be an episode pack
2017-10-24 16:38 VERBOSE  parser_internal norbits.net     `Babylon.5.COMPLETE.NORDiC.PAL.DVDR.x264` appears to be an episode pack
2017-10-24 16:38 VERBOSE  parser_internal norbits.net     `Babylon.5.COMPLETE.NORDiC.PAL.DVDR.x264` appears to be an episode pack
2017-10-24 16:38 VERBOSE  parser_internal norbits.net     `Babylon.5.COMPLETE.NORDiC.PAL.DVDR.x264` appears to be an episode pack
2017-10-24 16:38 VERBOSE  parser_internal norbits.net     `Babylon.5.COMPLETE.NORDiC.PAL.DVDR.x264` appears to be an episode pack
2017-10-24 16:38 VERBOSE  parser_internal norbits.net     `Babylon.5.COMPLETE.NORDiC.PAL.DVDR.x264` appears to be an episode pack
2017-10-24 16:38 VERBOSE  parser_internal norbits.net     `Babylon.5.COMPLETE.NORDiC.PAL.DVDR.x264` appears to be an episode pack
2017-10-24 16:38 VERBOSE  parser_internal norbits.net     `Babylon.5.COMPLETE.NORDiC.PAL.DVDR.x264` appears to be an episode pack
2017-10-24 16:38 VERBOSE  parser_internal norbits.net     `Babylon.5.COMPLETE.NORDiC.PAL.DVDR.x264` appears to be an episode pack
2017-10-24 16:38 VERBOSE  parser_internal norbits.net     `Babylon.5.COMPLETE.NORDiC.PAL.DVDR.x264` appears to be an episode pack
2017-10-24 16:38 VERBOSE  parser_internal norbits.net     `Babylon.5.COMPLETE.NORDiC.PAL.DVDR.x264` appears to be an episode pack
2017-10-24 16:38 VERBOSE  parser_internal norbits.net     `Babylon.5.COMPLETE.NORDiC.PAL.DVDR.x264` appears to be an episode pack
2017-10-24 16:38 VERBOSE  parser_internal norbits.net     `Babylon.5.COMPLETE.NORDiC.PAL.DVDR.x264` appears to be an episode pack
2017-10-24 16:38 VERBOSE  parser_internal norbits.net     `Babylon.5.COMPLETE.NORDiC.PAL.DVDR.x264` appears to be an episode pack
2017-10-24 16:38 VERBOSE  parser_internal norbits.net     `Babylon.5.COMPLETE.NORDiC.PAL.DVDR.x264` appears to be an episode pack
2017-10-24 16:38 VERBOSE  parser_internal norbits.net     `Babylon.5.COMPLETE.NORDiC.PAL.DVDR.x264` appears to be an episode pack
2017-10-24 16:38 VERBOSE  parser_internal norbits.net     `Babylon.5.COMPLETE.NORDiC.PAL.DVDR.x264` appears to be an episode pack
2017-10-24 16:38 VERBOSE  parser_internal norbits.net     `Babylon.5.COMPLETE.NORDiC.PAL.DVDR.x264` appears to be an episode pack
2017-10-24 16:38 VERBOSE  parser_internal norbits.net     `Babylon.5.COMPLETE.NORDiC.PAL.DVDR.x264` appears to be an episode pack
2017-10-24 16:38 VERBOSE  parser_internal norbits.net     `Babylon.5.COMPLETE.NORDiC.PAL.DVDR.x264` appears to be an episode pack
2017-10-24 16:38 VERBOSE  parser_internal norbits.net     `Babylon.5.COMPLETE.NORDiC.PAL.DVDR.x264` appears to be an episode pack
2017-10-24 16:38 VERBOSE  parser_internal norbits.net     `Babylon.5.COMPLETE.NORDiC.PAL.DVDR.x264` appears to be an episode pack
2017-10-24 16:38 VERBOSE  parser_internal norbits.net     `Babylon.5.COMPLETE.NORDiC.PAL.DVDR.x264` appears to be an episode pack
2017-10-24 16:38 VERBOSE  parser_internal norbits.net     `Babylon.5.COMPLETE.NORDiC.PAL.DVDR.x264` appears to be an episode pack
2017-10-24 16:38 VERBOSE  details       norbits.net     Summary - Accepted: 0 (Rejected: 0 Undecided: 15 Failed: 0)
2017-10-24 16:38 WARNING  details       showrss.info    Task didn't produce any entries. This is likely due to a mis-configured or non-functional input.
2017-10-24 16:38 VERBOSE  series        showrss.info    Auto enabling exact matching for series Louis Theroux (reason Louis Theroux Dark States)
2017-10-24 16:38 VERBOSE  series        showrss.info    Auto enabling exact matching for series Vice (reason VICE Lab)
2017-10-24 16:38 VERBOSE  series        showrss.info    Auto enabling exact matching for series Black Market (reason Black Market Dispatches)
2017-10-24 16:38 VERBOSE  details       showrss.info    Summary - Accepted: 0 (Rejected: 0 Undecided: 0 Failed: 0)
2017-10-24 16:40 VERBOSE  task_queue                    There are 3 tasks to execute. Shutdown will commence when they have completed.
2017-10-24 16:40 VERBOSE  details       rarbg           Produced 25 entries.
2017-10-24 16:40 VERBOSE  series        rarbg           Auto enabling exact matching for series Louis Theroux (reason Louis Theroux Dark States)
2017-10-24 16:40 VERBOSE  series        rarbg           Auto enabling exact matching for series Vice (reason VICE Lab)
2017-10-24 16:40 VERBOSE  series        rarbg           Auto enabling exact matching for series Black Market (reason Black Market Dispatches)
2017-10-24 16:40 VERBOSE  details       rarbg           Summary - Accepted: 0 (Rejected: 0 Undecided: 25 Failed: 0)
2017-10-24 16:40 VERBOSE  details       zooqle          Produced 30 entries.
2017-10-24 16:40 VERBOSE  series        zooqle          Auto enabling exact matching for series Louis Theroux (reason Louis Theroux Dark States)
2017-10-24 16:40 VERBOSE  series        zooqle          Auto enabling exact matching for series Vice (reason VICE Lab)
2017-10-24 16:40 VERBOSE  series        zooqle          Auto enabling exact matching for series Black Market (reason Black Market Dispatches)
2017-10-24 16:40 VERBOSE  details       zooqle          Summary - Accepted: 0 (Rejected: 0 Undecided: 30 Failed: 0)
2017-10-24 16:40 VERBOSE  details       norbits.net     Produced 15 entries.
2017-10-24 16:40 VERBOSE  series        norbits.net     Auto enabling exact matching for series Louis Theroux (reason Louis Theroux Dark States)
2017-10-24 16:40 VERBOSE  series        norbits.net     Auto enabling exact matching for series Vice (reason VICE Lab)
2017-10-24 16:40 VERBOSE  series        norbits.net     Auto enabling exact matching for series Black Market (reason Black Market Dispatches)
2017-10-24 16:40 VERBOSE  parser_internal norbits.net     `Babylon.5.COMPLETE.NORDiC.PAL.DVDR.x264` appears to be an episode pack
2017-10-24 16:40 VERBOSE  parser_internal norbits.net     `Babylon.5.COMPLETE.NORDiC.PAL.DVDR.x264` appears to be an episode pack
2017-10-24 16:40 VERBOSE  parser_internal norbits.net     `Babylon.5.COMPLETE.NORDiC.PAL.DVDR.x264` appears to be an episode pack
2017-10-24 16:40 VERBOSE  parser_internal norbits.net     `Babylon.5.COMPLETE.NORDiC.PAL.DVDR.x264` appears to be an episode pack
2017-10-24 16:40 VERBOSE  parser_internal norbits.net     `Babylon.5.COMPLETE.NORDiC.PAL.DVDR.x264` appears to be an episode pack
2017-10-24 16:40 VERBOSE  parser_internal norbits.net     `Babylon.5.COMPLETE.NORDiC.PAL.DVDR.x264` appears to be an episode pack
2017-10-24 16:40 VERBOSE  parser_internal norbits.net     `Babylon.5.COMPLETE.NORDiC.PAL.DVDR.x264` appears to be an episode pack
2017-10-24 16:40 VERBOSE  parser_internal norbits.net     `Babylon.5.COMPLETE.NORDiC.PAL.DVDR.x264` appears to be an episode pack
2017-10-24 16:40 VERBOSE  parser_internal norbits.net     `Babylon.5.COMPLETE.NORDiC.PAL.DVDR.x264` appears to be an episode pack
2017-10-24 16:40 VERBOSE  parser_internal norbits.net     `Babylon.5.COMPLETE.NORDiC.PAL.DVDR.x264` appears to be an episode pack
2017-10-24 16:40 VERBOSE  parser_internal norbits.net     `Babylon.5.COMPLETE.NORDiC.PAL.DVDR.x264` appears to be an episode pack
2017-10-24 16:40 VERBOSE  parser_internal norbits.net     `Babylon.5.COMPLETE.NORDiC.PAL.DVDR.x264` appears to be an episode pack
2017-10-24 16:40 VERBOSE  parser_internal norbits.net     `Babylon.5.COMPLETE.NORDiC.PAL.DVDR.x264` appears to be an episode pack
2017-10-24 16:40 VERBOSE  parser_internal norbits.net     `Babylon.5.COMPLETE.NORDiC.PAL.DVDR.x264` appears to be an episode pack
2017-10-24 16:40 VERBOSE  parser_internal norbits.net     `Babylon.5.COMPLETE.NORDiC.PAL.DVDR.x264` appears to be an episode pack
2017-10-24 16:40 VERBOSE  parser_internal norbits.net     `Babylon.5.COMPLETE.NORDiC.PAL.DVDR.x264` appears to be an episode pack
2017-10-24 16:40 VERBOSE  parser_internal norbits.net     `Babylon.5.COMPLETE.NORDiC.PAL.DVDR.x264` appears to be an episode pack
2017-10-24 16:40 VERBOSE  parser_internal norbits.net     `Babylon.5.COMPLETE.NORDiC.PAL.DVDR.x264` appears to be an episode pack
2017-10-24 16:40 VERBOSE  parser_internal norbits.net     `Babylon.5.COMPLETE.NORDiC.PAL.DVDR.x264` appears to be an episode pack
2017-10-24 16:40 VERBOSE  parser_internal norbits.net     `Babylon.5.COMPLETE.NORDiC.PAL.DVDR.x264` appears to be an episode pack
2017-10-24 16:40 VERBOSE  parser_internal norbits.net     `Babylon.5.COMPLETE.NORDiC.PAL.DVDR.x264` appears to be an episode pack
2017-10-24 16:40 VERBOSE  parser_internal norbits.net     `Babylon.5.COMPLETE.NORDiC.PAL.DVDR.x264` appears to be an episode pack
2017-10-24 16:40 VERBOSE  parser_internal norbits.net     `Babylon.5.COMPLETE.NORDiC.PAL.DVDR.x264` appears to be an episode pack
2017-10-24 16:40 VERBOSE  parser_internal norbits.net     `Babylon.5.COMPLETE.NORDiC.PAL.DVDR.x264` appears to be an episode pack
2017-10-24 16:40 VERBOSE  parser_internal norbits.net     `Babylon.5.COMPLETE.NORDiC.PAL.DVDR.x264` appears to be an episode pack
2017-10-24 16:40 VERBOSE  parser_internal norbits.net     `Babylon.5.COMPLETE.NORDiC.PAL.DVDR.x264` appears to be an episode pack
2017-10-24 16:40 VERBOSE  parser_internal norbits.net     `Babylon.5.COMPLETE.NORDiC.PAL.DVDR.x264` appears to be an episode pack
2017-10-24 16:40 VERBOSE  parser_internal norbits.net     `Babylon.5.COMPLETE.NORDiC.PAL.DVDR.x264` appears to be an episode pack
2017-10-24 16:40 VERBOSE  parser_internal norbits.net     `Babylon.5.COMPLETE.NORDiC.PAL.DVDR.x264` appears to be an episode pack
2017-10-24 16:40 VERBOSE  parser_internal norbits.net     `Babylon.5.COMPLETE.NORDiC.PAL.DVDR.x264` appears to be an episode pack
2017-10-24 16:40 VERBOSE  parser_internal norbits.net     `Babylon.5.COMPLETE.NORDiC.PAL.DVDR.x264` appears to be an episode pack
2017-10-24 16:40 VERBOSE  parser_internal norbits.net     `Babylon.5.COMPLETE.NORDiC.PAL.DVDR.x264` appears to be an episode pack
2017-10-24 16:40 VERBOSE  parser_internal norbits.net     `Babylon.5.COMPLETE.NORDiC.PAL.DVDR.x264` appears to be an episode pack
2017-10-24 16:40 VERBOSE  parser_internal norbits.net     `Babylon.5.COMPLETE.NORDiC.PAL.DVDR.x264` appears to be an episode pack
2017-10-24 16:40 VERBOSE  parser_internal norbits.net     `Babylon.5.COMPLETE.NORDiC.PAL.DVDR.x264` appears to be an episode pack
2017-10-24 16:40 VERBOSE  parser_internal norbits.net     `Babylon.5.COMPLETE.NORDiC.PAL.DVDR.x264` appears to be an episode pack
2017-10-24 16:40 VERBOSE  parser_internal norbits.net     `Babylon.5.COMPLETE.NORDiC.PAL.DVDR.x264` appears to be an episode pack
2017-10-24 16:40 VERBOSE  parser_internal norbits.net     `Babylon.5.COMPLETE.NORDiC.PAL.DVDR.x264` appears to be an episode pack
2017-10-24 16:40 VERBOSE  parser_internal norbits.net     `Babylon.5.COMPLETE.NORDiC.PAL.DVDR.x264` appears to be an episode pack
2017-10-24 16:40 VERBOSE  parser_internal norbits.net     `Babylon.5.COMPLETE.NORDiC.PAL.DVDR.x264` appears to be an episode pack
2017-10-24 16:40 VERBOSE  parser_internal norbits.net     `Babylon.5.COMPLETE.NORDiC.PAL.DVDR.x264` appears to be an episode pack
2017-10-24 16:40 VERBOSE  parser_internal norbits.net     `Babylon.5.COMPLETE.NORDiC.PAL.DVDR.x264` appears to be an episode pack
2017-10-24 16:40 VERBOSE  parser_internal norbits.net     `Babylon.5.COMPLETE.NORDiC.PAL.DVDR.x264` appears to be an episode pack
2017-10-24 16:40 VERBOSE  parser_internal norbits.net     `Babylon.5.COMPLETE.NORDiC.PAL.DVDR.x264` appears to be an episode pack
2017-10-24 16:40 VERBOSE  parser_internal norbits.net     `Babylon.5.COMPLETE.NORDiC.PAL.DVDR.x264` appears to be an episode pack
2017-10-24 16:40 VERBOSE  details       norbits.net     Summary - Accepted: 0 (Rejected: 0 Undecided: 15 Failed: 0)
2017-10-24 16:40 VERBOSE  details       showrss.info    Produced 6 entries.
2017-10-24 16:40 VERBOSE  series        showrss.info    Auto enabling exact matching for series Louis Theroux (reason Louis Theroux Dark States)
2017-10-24 16:40 VERBOSE  series        showrss.info    Auto enabling exact matching for series Vice (reason VICE Lab)
2017-10-24 16:40 VERBOSE  series        showrss.info    Auto enabling exact matching for series Black Market (reason Black Market Dispatches)
2017-10-24 16:40 INFO     series        showrss.info    identified_by has locked in to type `ep` for Curb Your Enthusiasm
2017-10-24 16:40 VERBOSE  task          showrss.info    ACCEPTED: `Curb Your Enthusiasm S09E04 1080p WEB H264 STRiFE` by series plugin because choosing best available quality
2017-10-24 16:40 VERBOSE  task          showrss.info    REJECTED: `Curb Your Enthusiasm S09E03 1080p WEB h264 CONVOY` by series plugin because nuked
2017-10-24 16:40 VERBOSE  task          showrss.info    REJECTED: `Curb Your Enthusiasm S09E03 720p WEB h264 CONVOY` by series plugin because nuked
2017-10-24 16:40 VERBOSE  task          showrss.info    ACCEPTED: `Curb Your Enthusiasm S09E03 REPACK 1080p WEB h264 CONVOY` by series plugin because choosing best available quality
2017-10-24 16:40 VERBOSE  details       showrss.info    Summary - Accepted: 2 (Rejected: 2 Undecided: 2 Failed: 0)
2017-10-24 16:40 INFO     transmission  showrss.info    "Curb Your Enthusiasm S09E04 1080p WEB H264 STRiFE" torrent added to transmission
2017-10-24 16:40 INFO     transmission  showrss.info    "Curb Your Enthusiasm S09E03 REPACK 1080p WEB h264 CONVOY" torrent added to transmission
