2018-04-22 18:28 DEBUG    manager                       Figuring out config load paths
2018-04-22 18:28 DEBUG    manager                       Found config: /Users/eivindml/dotfiles/symlink/.flexget/config.yml
2018-04-22 18:28 DEBUG    manager                       Config file /Users/eivindml/dotfiles/symlink/.flexget/config.yml selected
2018-04-22 18:28 VERBOSE  task_queue                    There are 3 tasks to execute. Shutdown will commence when they have completed.
2018-04-22 18:28 CRITICAL task          showrss.info    BUG: Unhandled error in plugin include: mapping values are not allowed here\n  in "/Users/eivindml/dotfiles/symlink/.flexget/series.yml", line 30, column 22
2018-04-22 18:28 CRITICAL manager       showrss.info    An unexpected crash has occurred. Writing crash report to /Users/eivindml/dotfiles/symlink/.flexget/crash_report.2018.04.22.182802590265.log. Please verify you are running the latest version of flexget by using "flexget -V" from CLI or by using version_checker plugin at http://flexget.com/wiki/Plugins/version_checker. You are currently using version 2.10.104
2018-04-22 18:28 WARNING  task          showrss.info    Aborting task (plugin: include)
2018-04-22 18:28 CRITICAL task          rarbg-alt       BUG: Unhandled error in plugin include: mapping values are not allowed here\n  in "/Users/eivindml/dotfiles/symlink/.flexget/series.yml", line 30, column 22
2018-04-22 18:28 CRITICAL manager       rarbg-alt       An unexpected crash has occurred. Writing crash report to /Users/eivindml/dotfiles/symlink/.flexget/crash_report.2018.04.22.182802610509.log. Please verify you are running the latest version of flexget by using "flexget -V" from CLI or by using version_checker plugin at http://flexget.com/wiki/Plugins/version_checker. You are currently using version 2.10.104
2018-04-22 18:28 WARNING  task          rarbg-alt       Aborting task (plugin: include)
2018-04-22 18:28 CRITICAL task          zooqle          BUG: Unhandled error in plugin include: mapping values are not allowed here\n  in "/Users/eivindml/dotfiles/symlink/.flexget/series.yml", line 30, column 22
Traceback (most recent call last):
  File "/Library/Python/2.7/site-packages/flexget/task.py", line 486, in __run_plugin
    return method(*args, **kwargs)
  File "/Library/Python/2.7/site-packages/flexget/event.py", line 23, in __call__
    return self.func(*args, **kwargs)
  File "/Library/Python/2.7/site-packages/flexget/plugins/operate/include.py", line 46, in on_task_prepare
    include = yaml.load(inc_file)
  File "/Library/Python/2.7/site-packages/yaml/__init__.py", line 71, in load
    return loader.get_single_data()
  File "/Library/Python/2.7/site-packages/yaml/constructor.py", line 37, in get_single_data
    node = self.get_single_node()
  File "/Library/Python/2.7/site-packages/yaml/composer.py", line 36, in get_single_node
    document = self.compose_document()
  File "/Library/Python/2.7/site-packages/yaml/composer.py", line 55, in compose_document
    node = self.compose_node(None, None)
  File "/Library/Python/2.7/site-packages/yaml/composer.py", line 84, in compose_node
    node = self.compose_mapping_node(anchor)
  File "/Library/Python/2.7/site-packages/yaml/composer.py", line 133, in compose_mapping_node
    item_value = self.compose_node(node, item_key)
  File "/Library/Python/2.7/site-packages/yaml/composer.py", line 84, in compose_node
    node = self.compose_mapping_node(anchor)
  File "/Library/Python/2.7/site-packages/yaml/composer.py", line 133, in compose_mapping_node
    item_value = self.compose_node(node, item_key)
  File "/Library/Python/2.7/site-packages/yaml/composer.py", line 82, in compose_node
    node = self.compose_sequence_node(anchor)
  File "/Library/Python/2.7/site-packages/yaml/composer.py", line 110, in compose_sequence_node
    while not self.check_event(SequenceEndEvent):
  File "/Library/Python/2.7/site-packages/yaml/parser.py", line 98, in check_event
    self.current_event = self.state()
  File "/Library/Python/2.7/site-packages/yaml/parser.py", line 382, in parse_block_sequence_entry
    if self.check_token(BlockEntryToken):
  File "/Library/Python/2.7/site-packages/yaml/scanner.py", line 116, in check_token
    self.fetch_more_tokens()
  File "/Library/Python/2.7/site-packages/yaml/scanner.py", line 220, in fetch_more_tokens
    return self.fetch_value()
  File "/Library/Python/2.7/site-packages/yaml/scanner.py", line 576, in fetch_value
    self.get_mark())
ScannerError: mapping values are not allowed here
  in "/Users/eivindml/dotfiles/symlink/.flexget/series.yml", line 30, column 22
